[0.188s] DEBUG:colcon:Command line arguments: ['/usr/bin/colcon', 'build', '--packages-select', 'catheter_slam', '--cmake-args', '-DPYTHON_EXECUTABLE=/usr/bin/python3.12']
[0.188s] DEBUG:colcon:Parsed command line arguments: Namespace(log_base=None, log_level=None, verb_name='build', build_base='build', install_base='install', merge_install=False, symlink_install=False, test_result_base=None, continue_on_error=False, executor='parallel', parallel_workers=20, event_handlers=None, ignore_user_meta=False, metas=['./colcon.meta'], base_paths=['.'], packages_ignore=None, packages_ignore_regex=None, paths=None, packages_up_to=None, packages_up_to_regex=None, packages_above=None, packages_above_and_dependencies=None, packages_above_depth=None, packages_select_by_dep=None, packages_skip_by_dep=None, packages_skip_up_to=None, packages_select_build_failed=False, packages_skip_build_finished=False, packages_select_test_failures=False, packages_skip_test_passed=False, packages_select=['catheter_slam'], packages_skip=None, packages_select_regex=None, packages_skip_regex=None, packages_start=None, packages_end=None, allow_overriding=[], cmake_args=['-DPYTHON_EXECUTABLE=/usr/bin/python3.12'], cmake_target=None, cmake_target_skip_unavailable=False, cmake_clean_cache=False, cmake_clean_first=False, cmake_force_configure=False, ament_cmake_args=None, catkin_cmake_args=None, catkin_skip_building_tests=False, verb_parser=<colcon_defaults.argument_parser.defaults.DefaultArgumentsDecorator object at 0x74d1752f0aa0>, verb_extension=<colcon_core.verb.build.BuildVerb object at 0x74d175479d60>, main=<bound method BuildVerb.main of <colcon_core.verb.build.BuildVerb object at 0x74d175479d60>>)
[0.304s] Level 1:colcon.colcon_core.package_discovery:discover_packages(colcon_meta) check parameters
[0.304s] Level 1:colcon.colcon_core.package_discovery:discover_packages(recursive) check parameters
[0.304s] Level 1:colcon.colcon_core.package_discovery:discover_packages(ignore) check parameters
[0.304s] Level 1:colcon.colcon_core.package_discovery:discover_packages(path) check parameters
[0.304s] Level 1:colcon.colcon_core.package_discovery:discover_packages(colcon_meta) discover
[0.304s] Level 1:colcon.colcon_core.package_discovery:discover_packages(recursive) discover
[0.304s] INFO:colcon.colcon_core.package_discovery:Crawling recursively for packages in '/home/oguzhan/Desktop/ros2_ws-20260717T101447Z-1-001 (2)/ros2_ws/src/catheter_slam'
[0.304s] Level 1:colcon.colcon_core.package_identification:_identify(.) by extensions ['ignore', 'ignore_ament_install']
[0.304s] Level 1:colcon.colcon_core.package_identification:_identify(.) by extension 'ignore'
[0.304s] Level 1:colcon.colcon_core.package_identification:_identify(.) by extension 'ignore_ament_install'
[0.304s] Level 1:colcon.colcon_core.package_identification:_identify(.) by extensions ['colcon_pkg']
[0.304s] Level 1:colcon.colcon_core.package_identification:_identify(.) by extension 'colcon_pkg'
[0.304s] Level 1:colcon.colcon_core.package_identification:_identify(.) by extensions ['colcon_meta']
[0.304s] Level 1:colcon.colcon_core.package_identification:_identify(.) by extension 'colcon_meta'
[0.304s] Level 1:colcon.colcon_core.package_identification:_identify(.) by extensions ['ros']
[0.304s] Level 1:colcon.colcon_core.package_identification:_identify(.) by extension 'ros'
[0.367s] DEBUG:colcon.colcon_core.package_identification:Package '.' with type 'ros.ament_python' and name 'catheter_slam'
[0.367s] Level 1:colcon.colcon_core.package_discovery:discover_packages(recursive) using defaults
[0.367s] Level 1:colcon.colcon_core.package_discovery:discover_packages(ignore) discover
[0.367s] Level 1:colcon.colcon_core.package_discovery:discover_packages(ignore) using defaults
[0.367s] Level 1:colcon.colcon_core.package_discovery:discover_packages(path) discover
[0.367s] Level 1:colcon.colcon_core.package_discovery:discover_packages(path) using defaults
[0.396s] Level 1:colcon.colcon_core.package_discovery:discover_packages(prefix_path) check parameters
[0.396s] Level 1:colcon.colcon_core.package_discovery:discover_packages(prefix_path) discover
[0.397s] Level 1:colcon.colcon_core.package_discovery:discover_packages(prefix_path) using defaults
[0.399s] Level 5:colcon.colcon_core.verb:set package 'catheter_slam' build argument 'cmake_args' from command line to '['-DPYTHON_EXECUTABLE=/usr/bin/python3.12']'
[0.399s] Level 5:colcon.colcon_core.verb:set package 'catheter_slam' build argument 'cmake_target' from command line to 'None'
[0.399s] Level 5:colcon.colcon_core.verb:set package 'catheter_slam' build argument 'cmake_target_skip_unavailable' from command line to 'False'
[0.399s] Level 5:colcon.colcon_core.verb:set package 'catheter_slam' build argument 'cmake_clean_cache' from command line to 'False'
[0.399s] Level 5:colcon.colcon_core.verb:set package 'catheter_slam' build argument 'cmake_clean_first' from command line to 'False'
[0.399s] Level 5:colcon.colcon_core.verb:set package 'catheter_slam' build argument 'cmake_force_configure' from command line to 'False'
[0.399s] Level 5:colcon.colcon_core.verb:set package 'catheter_slam' build argument 'ament_cmake_args' from command line to 'None'
[0.399s] Level 5:colcon.colcon_core.verb:set package 'catheter_slam' build argument 'catkin_cmake_args' from command line to 'None'
[0.399s] Level 5:colcon.colcon_core.verb:set package 'catheter_slam' build argument 'catkin_skip_building_tests' from command line to 'False'
[0.399s] DEBUG:colcon.colcon_core.verb:Building package 'catheter_slam' with the following arguments: {'ament_cmake_args': None, 'build_base': '/home/oguzhan/Desktop/ros2_ws-20260717T101447Z-1-001 (2)/ros2_ws/src/catheter_slam/build/catheter_slam', 'catkin_cmake_args': None, 'catkin_skip_building_tests': False, 'cmake_args': ['-DPYTHON_EXECUTABLE=/usr/bin/python3.12'], 'cmake_clean_cache': False, 'cmake_clean_first': False, 'cmake_force_configure': False, 'cmake_target': None, 'cmake_target_skip_unavailable': False, 'install_base': '/home/oguzhan/Desktop/ros2_ws-20260717T101447Z-1-001 (2)/ros2_ws/src/catheter_slam/install/catheter_slam', 'merge_install': False, 'path': '/home/oguzhan/Desktop/ros2_ws-20260717T101447Z-1-001 (2)/ros2_ws/src/catheter_slam', 'symlink_install': False, 'test_result_base': None}
[0.399s] INFO:colcon.colcon_core.executor:Executing jobs using 'parallel' executor
[0.400s] DEBUG:colcon.colcon_parallel_executor.executor.parallel:run_until_complete
[0.400s] INFO:colcon.colcon_ros.task.ament_python.build:Building ROS package in '/home/oguzhan/Desktop/ros2_ws-20260717T101447Z-1-001 (2)/ros2_ws/src/catheter_slam' with build type 'ament_python'
[0.400s] Level 1:colcon.colcon_core.shell:create_environment_hook('catheter_slam', 'ament_prefix_path')
[0.404s] INFO:colcon.colcon_core.plugin_system:Skipping extension 'colcon_core.shell.bat': Not used on non-Windows systems
[0.404s] INFO:colcon.colcon_core.shell:Creating environment hook '/home/oguzhan/Desktop/ros2_ws-20260717T101447Z-1-001 (2)/ros2_ws/src/catheter_slam/install/catheter_slam/share/catheter_slam/hook/ament_prefix_path.ps1'
[0.404s] INFO:colcon.colcon_core.shell:Creating environment descriptor '/home/oguzhan/Desktop/ros2_ws-20260717T101447Z-1-001 (2)/ros2_ws/src/catheter_slam/install/catheter_slam/share/catheter_slam/hook/ament_prefix_path.dsv'
[0.405s] INFO:colcon.colcon_core.shell:Creating environment hook '/home/oguzhan/Desktop/ros2_ws-20260717T101447Z-1-001 (2)/ros2_ws/src/catheter_slam/install/catheter_slam/share/catheter_slam/hook/ament_prefix_path.sh'
[0.405s] INFO:colcon.colcon_core.shell:Skip shell extension 'powershell' for command environment: Not usable outside of PowerShell
[0.405s] DEBUG:colcon.colcon_core.shell:Skip shell extension 'dsv' for command environment
[0.630s] INFO:colcon.colcon_core.task.python.build:Building Python package in '/home/oguzhan/Desktop/ros2_ws-20260717T101447Z-1-001 (2)/ros2_ws/src/catheter_slam'
[0.631s] INFO:colcon.colcon_core.shell:Skip shell extension 'powershell' for command environment: Not usable outside of PowerShell
[0.631s] DEBUG:colcon.colcon_core.shell:Skip shell extension 'dsv' for command environment
[1.135s] DEBUG:colcon.colcon_core.task.python.build:Available setuptools commands: bdist, alias, bdist_wheel, rotate, install, clean, build_scripts, sdist, compile_catalog, install_lib, bdist_rpm, check, symlink_data, bdist_egg, build_ext, bdist_dumb, install_egg_info, dist_info, init_catalog, build_py, easy_install, develop, saveopts, build, extract_messages, update_catalog, setopt, egg_info, install_data, install_scripts, editable_wheel, install_headers, build_clib
[1.137s] DEBUG:colcon.colcon_core.event_handler.log_command:Invoking command in '/home/oguzhan/Desktop/ros2_ws-20260717T101447Z-1-001 (2)/ros2_ws/src/catheter_slam': DEBUGINFOD_URLS=https://debuginfod.ubuntu.com PYTHONPATH=/home/oguzhan/Desktop/ros2_ws-20260717T101447Z-1-001 (2)/ros2_ws/src/catheter_slam/build/catheter_slam/prefix_override:/usr/lib/python3/dist-packages/colcon_core/task/python/colcon_distutils_commands:/home/oguzhan/Desktop/ros2_ws-20260717T101447Z-1-001 (2)/ros2_ws/src/catheter_slam/install/catheter_slam/lib/python3.12/site-packages: /usr/bin/python3 -W ignore:setup.py install is deprecated -W ignore:easy_install command is deprecated setup.py egg_info --egg-base build/catheter_slam build --build-base /home/oguzhan/Desktop/ros2_ws-20260717T101447Z-1-001 (2)/ros2_ws/src/catheter_slam/build/catheter_slam/build install --record /home/oguzhan/Desktop/ros2_ws-20260717T101447Z-1-001 (2)/ros2_ws/src/catheter_slam/build/catheter_slam/install.log --install-scripts $base/lib/catheter_slam --single-version-externally-managed install_data
[1.526s] DEBUG:colcon.colcon_core.event_handler.log_command:Invoked command in '/home/oguzhan/Desktop/ros2_ws-20260717T101447Z-1-001 (2)/ros2_ws/src/catheter_slam' returned '0': DEBUGINFOD_URLS=https://debuginfod.ubuntu.com PYTHONPATH=/home/oguzhan/Desktop/ros2_ws-20260717T101447Z-1-001 (2)/ros2_ws/src/catheter_slam/build/catheter_slam/prefix_override:/usr/lib/python3/dist-packages/colcon_core/task/python/colcon_distutils_commands:/home/oguzhan/Desktop/ros2_ws-20260717T101447Z-1-001 (2)/ros2_ws/src/catheter_slam/install/catheter_slam/lib/python3.12/site-packages: /usr/bin/python3 -W ignore:setup.py install is deprecated -W ignore:easy_install command is deprecated setup.py egg_info --egg-base build/catheter_slam build --build-base /home/oguzhan/Desktop/ros2_ws-20260717T101447Z-1-001 (2)/ros2_ws/src/catheter_slam/build/catheter_slam/build install --record /home/oguzhan/Desktop/ros2_ws-20260717T101447Z-1-001 (2)/ros2_ws/src/catheter_slam/build/catheter_slam/install.log --install-scripts $base/lib/catheter_slam --single-version-externally-managed install_data
[1.530s] Level 1:colcon.colcon_core.environment:checking '/home/oguzhan/Desktop/ros2_ws-20260717T101447Z-1-001 (2)/ros2_ws/src/catheter_slam/install/catheter_slam' for CMake module files
[1.530s] Level 1:colcon.colcon_core.environment:checking '/home/oguzhan/Desktop/ros2_ws-20260717T101447Z-1-001 (2)/ros2_ws/src/catheter_slam/install/catheter_slam' for CMake config files
[1.530s] Level 1:colcon.colcon_core.environment:checking '/home/oguzhan/Desktop/ros2_ws-20260717T101447Z-1-001 (2)/ros2_ws/src/catheter_slam/install/catheter_slam/lib'
[1.530s] Level 1:colcon.colcon_core.environment:checking '/home/oguzhan/Desktop/ros2_ws-20260717T101447Z-1-001 (2)/ros2_ws/src/catheter_slam/install/catheter_slam/bin'
[1.530s] Level 1:colcon.colcon_core.environment:checking '/home/oguzhan/Desktop/ros2_ws-20260717T101447Z-1-001 (2)/ros2_ws/src/catheter_slam/install/catheter_slam/lib/pkgconfig/catheter_slam.pc'
[1.531s] Level 1:colcon.colcon_core.environment:checking '/home/oguzhan/Desktop/ros2_ws-20260717T101447Z-1-001 (2)/ros2_ws/src/catheter_slam/install/catheter_slam/lib/python3.12/site-packages'
[1.531s] Level 1:colcon.colcon_core.shell:create_environment_hook('catheter_slam', 'pythonpath')
[1.531s] INFO:colcon.colcon_core.shell:Creating environment hook '/home/oguzhan/Desktop/ros2_ws-20260717T101447Z-1-001 (2)/ros2_ws/src/catheter_slam/install/catheter_slam/share/catheter_slam/hook/pythonpath.ps1'
[1.531s] INFO:colcon.colcon_core.shell:Creating environment descriptor '/home/oguzhan/Desktop/ros2_ws-20260717T101447Z-1-001 (2)/ros2_ws/src/catheter_slam/install/catheter_slam/share/catheter_slam/hook/pythonpath.dsv'
[1.532s] INFO:colcon.colcon_core.shell:Creating environment hook '/home/oguzhan/Desktop/ros2_ws-20260717T101447Z-1-001 (2)/ros2_ws/src/catheter_slam/install/catheter_slam/share/catheter_slam/hook/pythonpath.sh'
[1.532s] Level 1:colcon.colcon_core.environment:checking '/home/oguzhan/Desktop/ros2_ws-20260717T101447Z-1-001 (2)/ros2_ws/src/catheter_slam/install/catheter_slam/bin'
[1.532s] Level 1:colcon.colcon_core.environment:create_environment_scripts_only(catheter_slam)
[1.533s] INFO:colcon.colcon_core.shell:Creating package script '/home/oguzhan/Desktop/ros2_ws-20260717T101447Z-1-001 (2)/ros2_ws/src/catheter_slam/install/catheter_slam/share/catheter_slam/package.ps1'
[1.534s] INFO:colcon.colcon_core.shell:Creating package descriptor '/home/oguzhan/Desktop/ros2_ws-20260717T101447Z-1-001 (2)/ros2_ws/src/catheter_slam/install/catheter_slam/share/catheter_slam/package.dsv'
[1.534s] INFO:colcon.colcon_core.shell:Creating package script '/home/oguzhan/Desktop/ros2_ws-20260717T101447Z-1-001 (2)/ros2_ws/src/catheter_slam/install/catheter_slam/share/catheter_slam/package.sh'
[1.535s] INFO:colcon.colcon_core.shell:Creating package script '/home/oguzhan/Desktop/ros2_ws-20260717T101447Z-1-001 (2)/ros2_ws/src/catheter_slam/install/catheter_slam/share/catheter_slam/package.bash'
[1.535s] INFO:colcon.colcon_core.shell:Creating package script '/home/oguzhan/Desktop/ros2_ws-20260717T101447Z-1-001 (2)/ros2_ws/src/catheter_slam/install/catheter_slam/share/catheter_slam/package.zsh'
[1.536s] Level 1:colcon.colcon_core.environment:create_file_with_runtime_dependencies(/home/oguzhan/Desktop/ros2_ws-20260717T101447Z-1-001 (2)/ros2_ws/src/catheter_slam/install/catheter_slam/share/colcon-core/packages/catheter_slam)
[1.536s] DEBUG:colcon.colcon_parallel_executor.executor.parallel:closing loop
[1.536s] DEBUG:colcon.colcon_parallel_executor.executor.parallel:loop closed
[1.536s] DEBUG:colcon.colcon_parallel_executor.executor.parallel:run_until_complete finished with '0'
[1.536s] DEBUG:colcon.colcon_core.event_reactor:joining thread
[1.542s] INFO:colcon.colcon_core.plugin_system:Skipping extension 'colcon_notification.desktop_notification.notify2': 'notify2' not found
[1.542s] INFO:colcon.colcon_core.plugin_system:Skipping extension 'colcon_notification.desktop_notification.terminal_notifier': Not used on non-Darwin systems
[1.542s] INFO:colcon.colcon_core.plugin_system:Skipping extension 'colcon_notification.desktop_notification.win32': Not used on non-Windows systems
[1.542s] INFO:colcon.colcon_notification.desktop_notification:Sending desktop notification using 'notify_send'
[1.566s] DEBUG:colcon.colcon_core.event_reactor:joined thread
[1.566s] INFO:colcon.colcon_core.shell:Creating prefix script '/home/oguzhan/Desktop/ros2_ws-20260717T101447Z-1-001 (2)/ros2_ws/src/catheter_slam/install/local_setup.ps1'
[1.568s] INFO:colcon.colcon_core.shell:Creating prefix util module '/home/oguzhan/Desktop/ros2_ws-20260717T101447Z-1-001 (2)/ros2_ws/src/catheter_slam/install/_local_setup_util_ps1.py'
[1.569s] INFO:colcon.colcon_core.shell:Creating prefix chain script '/home/oguzhan/Desktop/ros2_ws-20260717T101447Z-1-001 (2)/ros2_ws/src/catheter_slam/install/setup.ps1'
[1.570s] INFO:colcon.colcon_core.shell:Creating prefix script '/home/oguzhan/Desktop/ros2_ws-20260717T101447Z-1-001 (2)/ros2_ws/src/catheter_slam/install/local_setup.sh'
[1.571s] INFO:colcon.colcon_core.shell:Creating prefix util module '/home/oguzhan/Desktop/ros2_ws-20260717T101447Z-1-001 (2)/ros2_ws/src/catheter_slam/install/_local_setup_util_sh.py'
[1.571s] INFO:colcon.colcon_core.shell:Creating prefix chain script '/home/oguzhan/Desktop/ros2_ws-20260717T101447Z-1-001 (2)/ros2_ws/src/catheter_slam/install/setup.sh'
[1.572s] INFO:colcon.colcon_core.shell:Creating prefix script '/home/oguzhan/Desktop/ros2_ws-20260717T101447Z-1-001 (2)/ros2_ws/src/catheter_slam/install/local_setup.bash'
[1.574s] INFO:colcon.colcon_core.shell:Creating prefix chain script '/home/oguzhan/Desktop/ros2_ws-20260717T101447Z-1-001 (2)/ros2_ws/src/catheter_slam/install/setup.bash'
[1.576s] INFO:colcon.colcon_core.shell:Creating prefix script '/home/oguzhan/Desktop/ros2_ws-20260717T101447Z-1-001 (2)/ros2_ws/src/catheter_slam/install/local_setup.zsh'
[1.576s] INFO:colcon.colcon_core.shell:Creating prefix chain script '/home/oguzhan/Desktop/ros2_ws-20260717T101447Z-1-001 (2)/ros2_ws/src/catheter_slam/install/setup.zsh'
